
Unexpected Signal : EXCEPTION_PRIV_INSTRUCTION (0xc0000096) occurred at PC=0x809DC82
Function=JVM_FindSignal+0x115D2
Library=C:\j2sdk1.4.2_08\jre\bin\client\jvm.dll

Current Java thread:
	at com.sun.tools.javac.v8.comp.Resolve.<clinit>(Resolve.java:24)
	at com.sun.tools.javac.v8.comp.Enter.<init>(Enter.java:88)
	at com.sun.tools.javac.v8.comp.Enter.instance(Enter.java:75)
	at com.sun.tools.javac.v8.JavaCompiler.<init>(JavaCompiler.java:93)
	at com.sun.tools.javac.v8.JavaCompiler.make(JavaCompiler.java:120)
	at com.sun.tools.javac.v8.Main.compile(Main.java:566)
	at com.sun.tools.javac.Main.compile(Main.java:36)
	at com.sun.tools.javac.Main.main(Main.java:27)

Dynamic libraries:
0x00400000 - 0x0040B000 	C:\j2sdk1.4.2_08\bin\javac.exe
0x7C910000 - 0x7C9C6000 	C:\WINDOWS\system32\ntdll.dll
0x7C800000 - 0x7C8FF000 	C:\WINDOWS\system32\kernel32.dll
0x77F40000 - 0x77FEB000 	C:\WINDOWS\system32\ADVAPI32.dll
0x77DA0000 - 0x77E31000 	C:\WINDOWS\system32\RPCRT4.dll
0x77BE0000 - 0x77C38000 	C:\WINDOWS\system32\MSVCRT.dll
0x08000000 - 0x08138000 	C:\j2sdk1.4.2_08\jre\bin\client\jvm.dll
0x77D10000 - 0x77DA0000 	C:\WINDOWS\system32\USER32.dll
0x77E40000 - 0x77E87000 	C:\WINDOWS\system32\GDI32.dll
0x76B00000 - 0x76B2E000 	C:\WINDOWS\system32\WINMM.dll
0x10000000 - 0x10007000 	C:\j2sdk1.4.2_08\jre\bin\hpi.dll
0x00830000 - 0x0083E000 	C:\j2sdk1.4.2_08\jre\bin\verify.dll
0x00840000 - 0x00859000 	C:\j2sdk1.4.2_08\jre\bin\java.dll
0x00860000 - 0x0086E000 	C:\j2sdk1.4.2_08\jre\bin\zip.dll
0x76C50000 - 0x76C78000 	C:\WINDOWS\system32\imagehlp.dll
0x59E60000 - 0x59F01000 	C:\WINDOWS\system32\DBGHELP.dll
0x77BD0000 - 0x77BD8000 	C:\WINDOWS\system32\VERSION.dll
0x76BB0000 - 0x76BBB000 	C:\WINDOWS\system32\PSAPI.DLL

Heap at VM Abort:
Heap
 def new generation   total 576K, used 251K [0x10010000, 0x100b0000, 0x104f0000)
  eden space 512K,  42% used [0x10010000, 0x100464c8, 0x10090000)
  from space 64K,  54% used [0x100a0000, 0x100a8a60, 0x100b0000)
  to   space 64K,   0% used [0x10090000, 0x10090000, 0x100a0000)
 tenured generation   total 7552K, used 638K [0x104f0000, 0x10c50000, 0x14010000)
   the space 7552K,   8% used [0x104f0000, 0x1058f930, 0x1058fa00, 0x10c50000)
 compacting perm gen  total 4096K, used 1556K [0x14010000, 0x14410000, 0x18010000)
   the space 4096K,  38% used [0x14010000, 0x141952a0, 0x14195400, 0x14410000)

Local Time = Wed Mar 21 19:44:29 2007
Elapsed Time = 0
#
# HotSpot Virtual Machine Error : EXCEPTION_PRIV_INSTRUCTION
# Error ID : 4F530E43505002EF
# Please report this error at
# http://java.sun.com/cgi-bin/bugreport.cgi
#
# Java VM: Java HotSpot(TM) Client VM (1.4.2_08-b03 mixed mode)
#
